0 verbose cli /home/gevalinho/.nvm/versions/node/v21.7.1/bin/node /home/gevalinho/.nvm/versions/node/v21.7.1/bin/npm
1 info using npm@10.9.0
2 info using node@v21.7.1
3 silly config load:file:/home/gevalinho/.nvm/versions/node/v21.7.1/lib/node_modules/npm/npmrc
4 silly config load:file:/home/gevalinho/gevalinho/conduit_bank/.npmrc
5 silly config load:file:/home/gevalinho/.npmrc
6 silly config load:file:/home/gevalinho/.nvm/versions/node/v21.7.1/etc/npmrc
7 verbose title npm i @headlessui/react
8 verbose argv "i" "@headlessui/react"
9 verbose logfile logs-max:10 dir:/home/gevalinho/gevalinho/conduit_bank/C:UsersgevalAppDataRoamingnpm-cache/_logs/2024-10-22T14_34_42_705Z-
10 verbose logfile /home/gevalinho/gevalinho/conduit_bank/C:UsersgevalAppDataRoamingnpm-cache/_logs/2024-10-22T14_34_42_705Z-debug-0.log
11 silly logfile start cleaning logs, removing 1 files
12 silly packumentCache heap:2197815296 maxSize:549453824 maxEntrySize:274726912
13 silly logfile done cleaning log files
14 silly idealTree buildDeps
15 silly fetch manifest @headlessui/react@*
16 silly packumentCache full:https://registry.npmjs.org/@headlessui%2freact cache-miss
17 http fetch GET 200 https://registry.npmjs.org/@headlessui%2freact 1033ms (cache miss)
18 silly packumentCache full:https://registry.npmjs.org/@headlessui%2freact set size:undefined disposed:false
19 silly placeDep ROOT @headlessui/react@2.1.10 OK for: conduit_bank@0.1.0 want: *
20 silly fetch manifest @floating-ui/react@^0.26.16
21 silly packumentCache full:https://registry.npmjs.org/@floating-ui%2freact cache-miss
22 silly fetch manifest @react-aria/focus@^3.17.1
23 silly packumentCache full:https://registry.npmjs.org/@react-aria%2ffocus cache-miss
24 silly fetch manifest @react-aria/interactions@^3.21.3
25 silly packumentCache full:https://registry.npmjs.org/@react-aria%2finteractions cache-miss
26 silly fetch manifest @tanstack/react-virtual@^3.8.1
27 silly packumentCache full:https://registry.npmjs.org/@tanstack%2freact-virtual cache-miss
28 http fetch GET 200 https://registry.npmjs.org/@floating-ui%2freact 288ms (cache miss)
29 silly packumentCache full:https://registry.npmjs.org/@floating-ui%2freact set size:undefined disposed:false
30 http fetch GET 200 https://registry.npmjs.org/@tanstack%2freact-virtual 584ms (cache miss)
31 silly packumentCache full:https://registry.npmjs.org/@tanstack%2freact-virtual set size:undefined disposed:false
32 http fetch GET 200 https://registry.npmjs.org/@react-aria%2finteractions 907ms (cache miss)
33 silly packumentCache full:https://registry.npmjs.org/@react-aria%2finteractions set size:undefined disposed:false
34 http fetch GET 200 https://registry.npmjs.org/@react-aria%2ffocus 1434ms (cache miss)
35 silly packumentCache full:https://registry.npmjs.org/@react-aria%2ffocus set size:undefined disposed:false
36 silly placeDep ROOT @floating-ui/react@0.26.25 OK for: @headlessui/react@2.1.10 want: ^0.26.16
37 silly placeDep ROOT @react-aria/focus@3.18.4 OK for: @headlessui/react@2.1.10 want: ^3.17.1
38 silly placeDep ROOT @react-aria/interactions@3.22.4 OK for: @headlessui/react@2.1.10 want: ^3.21.3
39 silly placeDep ROOT @tanstack/react-virtual@3.10.8 OK for: @headlessui/react@2.1.10 want: ^3.8.1
40 silly fetch manifest tabbable@^6.0.0
41 silly packumentCache full:https://registry.npmjs.org/tabbable cache-miss
42 silly fetch manifest @floating-ui/react-dom@^2.1.2
43 silly packumentCache full:https://registry.npmjs.org/@floating-ui%2freact-dom cache-miss
44 silly fetch manifest @floating-ui/utils@^0.2.8
45 silly packumentCache full:https://registry.npmjs.org/@floating-ui%2futils cache-miss
46 silly fetch manifest @react-aria/utils@^3.25.3
47 silly packumentCache full:https://registry.npmjs.org/@react-aria%2futils cache-miss
48 silly fetch manifest @react-types/shared@^3.25.0
49 silly packumentCache full:https://registry.npmjs.org/@react-types%2fshared cache-miss
50 silly fetch manifest @react-aria/interactions@^3.22.4
51 silly packumentCache full:https://registry.npmjs.org/@react-aria%2finteractions cache-miss
52 silly fetch manifest @react-aria/ssr@^3.9.6
53 silly packumentCache full:https://registry.npmjs.org/@react-aria%2fssr cache-miss
54 http fetch GET 200 https://registry.npmjs.org/@react-aria%2finteractions 20ms (cache hit)
55 silly packumentCache full:https://registry.npmjs.org/@react-aria%2finteractions set size:1935436 disposed:false
56 silly fetch manifest @react-aria/utils@^3.25.3
57 silly packumentCache full:https://registry.npmjs.org/@react-aria%2futils cache-miss
58 http fetch GET 200 https://registry.npmjs.org/@floating-ui%2freact-dom 173ms (cache miss)
59 silly packumentCache full:https://registry.npmjs.org/@floating-ui%2freact-dom set size:undefined disposed:false
60 silly fetch manifest @react-types/shared@^3.25.0
61 silly packumentCache full:https://registry.npmjs.org/@react-types%2fshared cache-miss
62 http fetch GET 200 https://registry.npmjs.org/tabbable 219ms (cache miss)
63 silly packumentCache full:https://registry.npmjs.org/tabbable set size:undefined disposed:false
64 silly fetch manifest @tanstack/virtual-core@3.10.8
65 silly packumentCache full:https://registry.npmjs.org/@tanstack%2fvirtual-core cache-miss
66 http fetch GET 200 https://registry.npmjs.org/@react-aria%2futils 643ms (cache miss)
67 silly packumentCache full:https://registry.npmjs.org/@react-aria%2futils set size:undefined disposed:false
68 http fetch GET 200 https://registry.npmjs.org/@floating-ui%2futils 674ms (cache miss)
69 silly packumentCache full:https://registry.npmjs.org/@floating-ui%2futils set size:undefined disposed:false
70 http fetch GET 200 https://registry.npmjs.org/@tanstack%2fvirtual-core 483ms (cache miss)
71 silly packumentCache full:https://registry.npmjs.org/@tanstack%2fvirtual-core set size:undefined disposed:false
72 http fetch GET 200 https://registry.npmjs.org/@react-aria%2futils 890ms (cache miss)
73 silly packumentCache full:https://registry.npmjs.org/@react-aria%2futils set size:undefined disposed:false
74 http fetch GET 200 https://registry.npmjs.org/@react-types%2fshared 991ms (cache miss)
75 silly packumentCache full:https://registry.npmjs.org/@react-types%2fshared set size:undefined disposed:false
76 http fetch GET 200 https://registry.npmjs.org/@react-types%2fshared 846ms (cache miss)
77 silly packumentCache full:https://registry.npmjs.org/@react-types%2fshared set size:undefined disposed:false
78 http fetch GET 200 https://registry.npmjs.org/@react-aria%2fssr 1054ms (cache miss)
79 silly packumentCache full:https://registry.npmjs.org/@react-aria%2fssr set size:undefined disposed:false
80 silly placeDep ROOT @floating-ui/react-dom@2.1.2 OK for: @floating-ui/react@0.26.25 want: ^2.1.2
81 silly placeDep ROOT @floating-ui/utils@0.2.8 OK for: @floating-ui/react@0.26.25 want: ^0.2.8
82 silly placeDep ROOT tabbable@6.2.0 OK for: @floating-ui/react@0.26.25 want: ^6.0.0
83 silly fetch manifest @floating-ui/dom@^1.0.0
84 silly packumentCache full:https://registry.npmjs.org/@floating-ui%2fdom cache-miss
85 http fetch GET 200 https://registry.npmjs.org/@floating-ui%2fdom 475ms (cache miss)
86 silly packumentCache full:https://registry.npmjs.org/@floating-ui%2fdom set size:undefined disposed:false
87 silly placeDep ROOT @floating-ui/dom@1.6.11 OK for: @floating-ui/react-dom@2.1.2 want: ^1.0.0
88 silly fetch manifest @floating-ui/core@^1.6.0
89 silly packumentCache full:https://registry.npmjs.org/@floating-ui%2fcore cache-miss
90 http fetch GET 200 https://registry.npmjs.org/@floating-ui%2fcore 486ms (cache miss)
91 silly packumentCache full:https://registry.npmjs.org/@floating-ui%2fcore set size:undefined disposed:false
92 silly placeDep ROOT @floating-ui/core@1.6.8 OK for: @floating-ui/dom@1.6.11 want: ^1.6.0
93 silly placeDep ROOT @react-aria/utils@3.25.3 OK for: @react-aria/focus@3.18.4 want: ^3.25.3
94 silly placeDep ROOT @react-types/shared@3.25.0 OK for: @react-aria/focus@3.18.4 want: ^3.25.0
95 silly fetch manifest @react-stately/utils@^3.10.4
96 silly packumentCache full:https://registry.npmjs.org/@react-stately%2futils cache-miss
97 http fetch GET 200 https://registry.npmjs.org/@react-stately%2futils 608ms (cache miss)
98 silly packumentCache full:https://registry.npmjs.org/@react-stately%2futils set size:undefined disposed:false
99 silly placeDep ROOT @react-aria/ssr@3.9.6 OK for: @react-aria/interactions@3.22.4 want: ^3.9.6
100 silly placeDep ROOT @react-stately/utils@3.10.4 OK for: @react-aria/utils@3.25.3 want: ^3.10.4
101 silly placeDep ROOT @tanstack/virtual-core@3.10.8 OK for: @tanstack/react-virtual@3.10.8 want: 3.10.8
