0 verbose cli /home/gevalinho/.nvm/versions/node/v21.7.1/bin/node /home/gevalinho/.nvm/versions/node/v21.7.1/bin/npm
1 info using npm@10.9.0
2 info using node@v21.7.1
3 silly config load:file:/home/gevalinho/.nvm/versions/node/v21.7.1/lib/node_modules/npm/npmrc
4 silly config load:file:/home/gevalinho/gevalinho/conduit_bank/.npmrc
5 silly config load:file:/home/gevalinho/.npmrc
6 silly config load:file:/home/gevalinho/.nvm/versions/node/v21.7.1/etc/npmrc
7 verbose title npm install @headlessui/react
8 verbose argv "install" "@headlessui/react"
9 verbose logfile logs-max:10 dir:/home/gevalinho/gevalinho/conduit_bank/C:UsersgevalAppDataRoamingnpm-cache/_logs/2024-10-22T15_14_34_461Z-
10 verbose logfile /home/gevalinho/gevalinho/conduit_bank/C:UsersgevalAppDataRoamingnpm-cache/_logs/2024-10-22T15_14_34_461Z-debug-0.log
11 silly logfile start cleaning logs, removing 1 files
12 silly packumentCache heap:2197815296 maxSize:549453824 maxEntrySize:274726912
13 silly logfile done cleaning log files
14 silly idealTree buildDeps
15 silly fetch manifest @headlessui/react@*
16 silly packumentCache full:https://registry.npmjs.org/@headlessui%2freact cache-miss
17 http fetch GET 200 https://registry.npmjs.org/@headlessui%2freact 699ms (cache revalidated)
18 silly packumentCache full:https://registry.npmjs.org/@headlessui%2freact set size:2290793 disposed:false
19 silly placeDep ROOT @headlessui/react@2.1.10 OK for: conduit_bank@0.1.0 want: *
20 silly fetch manifest @floating-ui/react@^0.26.16
21 silly packumentCache full:https://registry.npmjs.org/@floating-ui%2freact cache-miss
22 silly fetch manifest @react-aria/focus@^3.17.1
23 silly packumentCache full:https://registry.npmjs.org/@react-aria%2ffocus cache-miss
24 silly fetch manifest @react-aria/interactions@^3.21.3
25 silly packumentCache full:https://registry.npmjs.org/@react-aria%2finteractions cache-miss
26 silly fetch manifest @tanstack/react-virtual@^3.8.1
27 silly packumentCache full:https://registry.npmjs.org/@tanstack%2freact-virtual cache-miss
28 http fetch GET 200 https://registry.npmjs.org/@tanstack%2freact-virtual 347ms (cache revalidated)
29 silly packumentCache full:https://registry.npmjs.org/@tanstack%2freact-virtual set size:247309 disposed:false
30 http fetch GET 200 https://registry.npmjs.org/@react-aria%2ffocus 472ms (cache revalidated)
31 silly packumentCache full:https://registry.npmjs.org/@react-aria%2ffocus set size:1930346 disposed:false
32 http fetch GET 200 https://registry.npmjs.org/@floating-ui%2freact 534ms (cache revalidated)
33 silly packumentCache full:https://registry.npmjs.org/@floating-ui%2freact set size:198542 disposed:false
34 http fetch GET 200 https://registry.npmjs.org/@react-aria%2finteractions 541ms (cache revalidated)
35 silly packumentCache full:https://registry.npmjs.org/@react-aria%2finteractions set size:1935436 disposed:false
36 silly placeDep ROOT @floating-ui/react@0.26.25 OK for: @headlessui/react@2.1.10 want: ^0.26.16
37 silly placeDep ROOT @react-aria/focus@3.18.4 OK for: @headlessui/react@2.1.10 want: ^3.17.1
38 silly placeDep ROOT @react-aria/interactions@3.22.4 OK for: @headlessui/react@2.1.10 want: ^3.21.3
39 silly placeDep ROOT @tanstack/react-virtual@3.10.8 OK for: @headlessui/react@2.1.10 want: ^3.8.1
40 silly fetch manifest tabbable@^6.0.0
41 silly packumentCache full:https://registry.npmjs.org/tabbable cache-miss
42 silly fetch manifest @floating-ui/react-dom@^2.1.2
43 silly packumentCache full:https://registry.npmjs.org/@floating-ui%2freact-dom cache-miss
44 silly fetch manifest @floating-ui/utils@^0.2.8
45 silly packumentCache full:https://registry.npmjs.org/@floating-ui%2futils cache-miss
46 silly fetch manifest @react-aria/utils@^3.25.3
47 silly packumentCache full:https://registry.npmjs.org/@react-aria%2futils cache-miss
48 silly fetch manifest @react-types/shared@^3.25.0
49 silly packumentCache full:https://registry.npmjs.org/@react-types%2fshared cache-miss
50 silly fetch manifest @react-aria/interactions@^3.22.4
51 silly packumentCache full:https://registry.npmjs.org/@react-aria%2finteractions cache-miss
52 silly fetch manifest @react-aria/ssr@^3.9.6
53 silly packumentCache full:https://registry.npmjs.org/@react-aria%2fssr cache-miss
54 http fetch GET 200 https://registry.npmjs.org/@react-aria%2finteractions 23ms (cache hit)
55 silly packumentCache full:https://registry.npmjs.org/@react-aria%2finteractions set size:1935436 disposed:false
56 silly fetch manifest @react-aria/utils@^3.25.3
57 silly packumentCache full:https://registry.npmjs.org/@react-aria%2futils cache-miss
58 http fetch GET 200 https://registry.npmjs.org/@floating-ui%2futils 121ms (cache revalidated)
59 silly packumentCache full:https://registry.npmjs.org/@floating-ui%2futils set size:42636 disposed:false
60 silly fetch manifest @react-types/shared@^3.25.0
61 silly packumentCache full:https://registry.npmjs.org/@react-types%2fshared cache-miss
62 http fetch GET 200 https://registry.npmjs.org/@react-aria%2futils 177ms (cache revalidated)
63 silly packumentCache full:https://registry.npmjs.org/@react-aria%2futils set size:1948741 disposed:false
64 silly fetch manifest @tanstack/virtual-core@3.10.8
65 silly packumentCache full:https://registry.npmjs.org/@tanstack%2fvirtual-core cache-miss
66 http fetch GET 200 https://registry.npmjs.org/tabbable 197ms (cache revalidated)
67 silly packumentCache full:https://registry.npmjs.org/tabbable set size:288169 disposed:false
68 http fetch GET 200 https://registry.npmjs.org/@floating-ui%2freact-dom 201ms (cache revalidated)
69 silly packumentCache full:https://registry.npmjs.org/@floating-ui%2freact-dom set size:147503 disposed:false
70 http fetch GET 200 https://registry.npmjs.org/@tanstack%2fvirtual-core 200ms (cache revalidated)
71 silly packumentCache full:https://registry.npmjs.org/@tanstack%2fvirtual-core set size:212882 disposed:false
72 http fetch GET 200 https://registry.npmjs.org/@react-aria%2fssr 654ms (cache revalidated)
73 silly packumentCache full:https://registry.npmjs.org/@react-aria%2fssr set size:1791183 disposed:false
74 http fetch GET 200 https://registry.npmjs.org/@react-types%2fshared 785ms (cache revalidated)
75 silly packumentCache full:https://registry.npmjs.org/@react-types%2fshared set size:1689425 disposed:false
76 http fetch GET 200 https://registry.npmjs.org/@react-types%2fshared 928ms (cache revalidated)
77 silly packumentCache full:https://registry.npmjs.org/@react-types%2fshared set size:1689425 disposed:false
78 http fetch GET 200 https://registry.npmjs.org/@react-aria%2futils 1728ms (cache revalidated)
79 silly packumentCache full:https://registry.npmjs.org/@react-aria%2futils set size:1948741 disposed:false
80 silly placeDep ROOT @floating-ui/react-dom@2.1.2 OK for: @floating-ui/react@0.26.25 want: ^2.1.2
81 silly placeDep ROOT @floating-ui/utils@0.2.8 OK for: @floating-ui/react@0.26.25 want: ^0.2.8
82 silly placeDep ROOT tabbable@6.2.0 OK for: @floating-ui/react@0.26.25 want: ^6.0.0
83 silly fetch manifest @floating-ui/dom@^1.0.0
84 silly packumentCache full:https://registry.npmjs.org/@floating-ui%2fdom cache-miss
85 http fetch GET 200 https://registry.npmjs.org/@floating-ui%2fdom 346ms (cache revalidated)
86 silly packumentCache full:https://registry.npmjs.org/@floating-ui%2fdom set size:227028 disposed:false
87 silly placeDep ROOT @floating-ui/dom@1.6.11 OK for: @floating-ui/react-dom@2.1.2 want: ^1.0.0
88 silly fetch manifest @floating-ui/core@^1.6.0
89 silly packumentCache full:https://registry.npmjs.org/@floating-ui%2fcore cache-miss
90 http fetch GET 200 https://registry.npmjs.org/@floating-ui%2fcore 167ms (cache revalidated)
91 silly packumentCache full:https://registry.npmjs.org/@floating-ui%2fcore set size:161213 disposed:false
92 silly placeDep ROOT @floating-ui/core@1.6.8 OK for: @floating-ui/dom@1.6.11 want: ^1.6.0
93 silly placeDep ROOT @react-aria/utils@3.25.3 OK for: @react-aria/focus@3.18.4 want: ^3.25.3
94 silly placeDep ROOT @react-types/shared@3.25.0 OK for: @react-aria/focus@3.18.4 want: ^3.25.0
95 silly fetch manifest @react-stately/utils@^3.10.4
96 silly packumentCache full:https://registry.npmjs.org/@react-stately%2futils cache-miss
97 http fetch GET 200 https://registry.npmjs.org/@react-stately%2futils 230ms (cache revalidated)
98 silly packumentCache full:https://registry.npmjs.org/@react-stately%2futils set size:1799551 disposed:false
99 silly placeDep ROOT @react-aria/ssr@3.9.6 OK for: @react-aria/interactions@3.22.4 want: ^3.9.6
100 silly placeDep ROOT @react-stately/utils@3.10.4 OK for: @react-aria/utils@3.25.3 want: ^3.10.4
101 silly placeDep ROOT @tanstack/virtual-core@3.10.8 OK for: @tanstack/react-virtual@3.10.8 want: 3.10.8
102 silly reify moves {}
103 silly audit bulk request {
103 silly audit   '@alloc/quick-lru': [ '5.2.0' ],
103 silly audit   '@antfu/ni': [ '0.21.12' ],
103 silly audit   '@babel/code-frame': [ '7.25.7' ],
103 silly audit   '@babel/helper-validator-identifier': [ '7.25.7' ],
103 silly audit   '@babel/highlight': [ '7.25.7' ],
103 silly audit   'ansi-styles': [ '3.2.1', '4.3.0', '6.2.1' ],
103 silly audit   chalk: [ '2.4.2', '4.1.2', '5.3.0', '5.2.0' ],
103 silly audit   'color-convert': [ '1.9.3', '2.0.1' ],
103 silly audit   'color-name': [ '1.1.3', '1.1.4' ],
103 silly audit   'escape-string-regexp': [ '1.0.5', '4.0.0' ],
103 silly audit   'has-flag': [ '3.0.0', '4.0.0' ],
103 silly audit   'supports-color': [ '5.5.0', '7.2.0' ],
103 silly audit   '@eslint-community/eslint-utils': [ '4.4.0' ],
103 silly audit   '@eslint-community/regexpp': [ '4.11.1' ],
103 silly audit   '@eslint/eslintrc': [ '2.1.4' ],
103 silly audit   '@eslint/js': [ '8.57.1' ],
103 silly audit   '@humanwhocodes/config-array': [ '0.13.0' ],
103 silly audit   '@humanwhocodes/module-importer': [ '1.0.1' ],
103 silly audit   '@humanwhocodes/object-schema': [ '2.0.3' ],
103 silly audit   '@isaacs/cliui': [ '8.0.2' ],
103 silly audit   'ansi-regex': [ '6.1.0', '5.0.1' ],
103 silly audit   'strip-ansi': [ '7.1.0', '6.0.1' ],
103 silly audit   '@jridgewell/gen-mapping': [ '0.3.5' ],
103 silly audit   '@jridgewell/resolve-uri': [ '3.1.2' ],
103 silly audit   '@jridgewell/set-array': [ '1.2.1' ],
103 silly audit   '@jridgewell/sourcemap-codec': [ '1.5.0' ],
103 silly audit   '@jridgewell/trace-mapping': [ '0.3.25' ],
103 silly audit   '@kurkle/color': [ '0.3.2' ],
103 silly audit   '@next/env': [ '14.2.15' ],
103 silly audit   '@next/eslint-plugin-next': [ '14.2.15' ],
103 silly audit   '@next/swc-darwin-arm64': [ '14.2.15' ],
103 silly audit   '@next/swc-darwin-x64': [ '14.2.15' ],
103 silly audit   '@next/swc-linux-arm64-gnu': [ '14.2.15' ],
103 silly audit   '@next/swc-linux-arm64-musl': [ '14.2.15' ],
103 silly audit   '@next/swc-linux-x64-gnu': [ '14.2.15' ],
103 silly audit   '@next/swc-linux-x64-musl': [ '14.2.15' ],
103 silly audit   '@next/swc-win32-arm64-msvc': [ '14.2.15' ],
103 silly audit   '@next/swc-win32-ia32-msvc': [ '14.2.15' ],
103 silly audit   '@next/swc-win32-x64-msvc': [ '14.2.15' ],
103 silly audit   '@nodelib/fs.scandir': [ '2.1.5' ],
103 silly audit   '@nodelib/fs.stat': [ '2.0.5' ],
103 silly audit   '@nodelib/fs.walk': [ '1.2.8' ],
103 silly audit   '@nolyfill/is-core-module': [ '1.0.39' ],
103 silly audit   '@pkgjs/parseargs': [ '0.11.0' ],
103 silly audit   '@radix-ui/react-compose-refs': [ '1.1.0' ],
103 silly audit   '@radix-ui/react-slot': [ '1.1.0' ],
103 silly audit   '@rtsao/scc': [ '1.1.0' ],
103 silly audit   '@rushstack/eslint-patch': [ '1.10.4' ],
103 silly audit   '@swc/counter': [ '0.1.3' ],
103 silly audit   '@swc/helpers': [ '0.5.5' ],
103 silly audit   '@ts-morph/common': [ '0.19.0' ],
103 silly audit   'brace-expansion': [ '2.0.1', '1.1.11' ],
103 silly audit   minimatch: [ '7.4.6', '9.0.5', '3.1.2' ],
103 silly audit   '@types/json5': [ '0.0.29' ],
103 silly audit   '@types/node': [ '20.16.11' ],
103 silly audit   '@types/prop-types': [ '15.7.13' ],
103 silly audit   '@types/react': [ '18.3.11' ],
103 silly audit   '@types/react-dom': [ '18.3.1' ],
103 silly audit   '@typescript-eslint/eslint-plugin': [ '8.8.1' ],
103 silly audit   '@typescript-eslint/parser': [ '8.8.1' ],
103 silly audit   '@typescript-eslint/scope-manager': [ '8.8.1' ],
103 silly audit   '@typescript-eslint/type-utils': [ '8.8.1' ],
103 silly audit   '@typescript-eslint/types': [ '8.8.1' ],
103 silly audit   '@typescript-eslint/typescript-estree': [ '8.8.1' ],
103 silly audit   '@typescript-eslint/utils': [ '8.8.1' ],
103 silly audit   '@typescript-eslint/visitor-keys': [ '8.8.1' ],
103 silly audit   '@ungap/structured-clone': [ '1.2.0' ],
103 silly audit   acorn: [ '8.12.1' ],
103 silly audit   'acorn-jsx': [ '5.3.2' ],
103 silly audit   'agent-base': [ '7.1.1' ],
103 silly audit   ajv: [ '6.12.6' ],
103 silly audit   'any-promise': [ '1.3.0' ],
103 silly audit   anymatch: [ '3.1.3' ],
103 silly audit   arg: [ '5.0.2' ],
103 silly audit   argparse: [ '2.0.1' ],
103 silly audit   'aria-query': [ '5.1.3' ],
103 silly audit   'array-buffer-byte-length': [ '1.0.1' ],
103 silly audit   'array-includes': [ '3.1.8' ],
103 silly audit   'array.prototype.findlast': [ '1.2.5' ],
103 silly audit   'array.prototype.findlastindex': [ '1.2.5' ],
103 silly audit   'array.prototype.flat': [ '1.3.2' ],
103 silly audit   'array.prototype.flatmap': [ '1.3.2' ],
103 silly audit   'array.prototype.tosorted': [ '1.1.4' ],
103 silly audit   'arraybuffer.prototype.slice': [ '1.0.3' ],
103 silly audit   'ast-types-flow': [ '0.0.8' ],
103 silly audit   'available-typed-arrays': [ '1.0.7' ],
103 silly audit   'axe-core': [ '4.10.0' ],
103 silly audit   'axobject-query': [ '4.1.0' ],
103 silly audit   'balanced-match': [ '1.0.2' ],
103 silly audit   'base64-js': [ '1.5.1' ],
103 silly audit   'binary-extensions': [ '2.3.0' ],
103 silly audit   bl: [ '5.1.0' ],
103 silly audit   braces: [ '3.0.3' ],
103 silly audit   buffer: [ '6.0.3' ],
103 silly audit   busboy: [ '1.6.0' ],
103 silly audit   'call-bind': [ '1.0.7' ],
103 silly audit   callsites: [ '3.1.0' ],
103 silly audit   'camelcase-css': [ '2.0.1' ],
103 silly audit   'caniuse-lite': [ '1.0.30001668' ],
103 silly audit   'chart.js': [ '4.4.5' ],
103 silly audit   chokidar: [ '3.6.0' ],
103 silly audit   'glob-parent': [ '5.1.2', '6.0.2' ],
103 silly audit   'class-variance-authority': [ '0.7.0' ],
103 silly audit   clsx: [ '2.0.0', '2.1.1' ],
103 silly audit   'cli-cursor': [ '4.0.0' ],
103 silly audit   'cli-spinners': [ '2.9.2' ],
103 silly audit   'client-only': [ '0.0.1' ],
103 silly audit   clone: [ '1.0.4' ],
103 silly audit   'code-block-writer': [ '12.0.0' ],
103 silly audit   commander: [ '4.1.1', '10.0.1' ],
103 silly audit   'concat-map': [ '0.0.1' ],
103 silly audit   cosmiconfig: [ '8.3.6' ],
103 silly audit   'countup.js': [ '2.8.0' ],
103 silly audit   'cross-spawn': [ '7.0.3' ],
103 silly audit   cssesc: [ '3.0.0' ],
103 silly audit   csstype: [ '3.1.3' ],
103 silly audit   daemon: [ '1.1.0' ],
103 silly audit   'damerau-levenshtein': [ '1.0.8' ],
103 silly audit   'data-uri-to-buffer': [ '4.0.1' ],
103 silly audit   'data-view-buffer': [ '1.0.1' ],
103 silly audit   'data-view-byte-length': [ '1.0.1' ],
103 silly audit   'data-view-byte-offset': [ '1.0.0' ],
103 silly audit   debug: [ '4.3.7', '3.2.7' ],
103 silly audit   'decode-uri-component': [ '0.4.1' ],
103 silly audit   'deep-equal': [ '2.2.3' ],
103 silly audit   'deep-is': [ '0.1.4' ],
103 silly audit   defaults: [ '1.0.4' ],
103 silly audit   'define-data-property': [ '1.1.4' ],
103 silly audit   'define-properties': [ '1.2.1' ],
103 silly audit   didyoumean: [ '1.2.2' ],
103 silly audit   diff: [ '5.2.0' ],
103 silly audit   dlv: [ '1.1.3' ],
103 silly audit   doctrine: [ '3.0.0', '2.1.0' ],
103 silly audit   eastasianwidth: [ '0.2.0' ],
103 silly audit   'emoji-regex': [ '9.2.2', '8.0.0' ],
103 silly audit   'enhanced-resolve': [ '5.17.1' ],
103 silly audit   'error-ex': [ '1.3.2' ],
103 silly audit   'es-abstract': [ '1.23.3' ],
103 silly audit   'es-define-property': [ '1.0.0' ],
103 silly audit   'es-errors': [ '1.3.0' ],
103 silly audit   'es-get-iterator': [ '1.1.3' ],
103 silly audit   'es-iterator-helpers': [ '1.1.0' ],
103 silly audit   'es-object-atoms': [ '1.0.0' ],
103 silly audit   'es-set-tostringtag': [ '2.0.3' ],
103 silly audit   'es-shim-unscopables': [ '1.0.2' ],
103 silly audit   'es-to-primitive': [ '1.2.1' ],
103 silly audit   eslint: [ '8.57.1' ],
103 silly audit   'eslint-config-next': [ '14.2.15' ],
103 silly audit   'eslint-import-resolver-node': [ '0.3.9' ],
103 silly audit   'eslint-import-resolver-typescript': [ '3.6.3' ],
103 silly audit   'eslint-module-utils': [ '2.12.0' ],
103 silly audit   'eslint-plugin-import': [ '2.31.0' ],
103 silly audit   semver: [ '6.3.1', '7.6.3' ],
103 silly audit   'eslint-plugin-jsx-a11y': [ '6.10.0' ],
103 silly audit   'eslint-plugin-react': [ '7.37.1' ],
103 silly audit   'eslint-plugin-react-hooks': [ '5.0.0-canary-7118f5dd7-20230705' ],
103 silly audit   resolve: [ '2.0.0-next.5', '1.22.8' ],
103 silly audit   'eslint-scope': [ '7.2.2' ],
103 silly audit   'eslint-visitor-keys': [ '3.4.3' ],
103 silly audit   espree: [ '9.6.1' ],
103 silly audit   esquery: [ '1.6.0' ],
103 silly audit   esrecurse: [ '4.3.0' ],
103 silly audit   estraverse: [ '5.3.0' ],
103 silly audit   esutils: [ '2.0.3' ],
103 silly audit   execa: [ '7.2.0' ],
103 silly audit   'signal-exit': [ '3.0.7', '4.1.0' ],
103 silly audit   'fast-deep-equal': [ '3.1.3' ],
103 silly audit   'fast-glob': [ '3.3.2' ],
103 silly audit   'fast-json-stable-stringify': [ '2.1.0' ],
103 silly audit   'fast-levenshtein': [ '2.0.6' ],
103 silly audit   fastq: [ '1.17.1' ],
103 silly audit   'fetch-blob': [ '3.2.0' ],
103 silly audit   'file-entry-cache': [ '6.0.1' ],
103 silly audit   'fill-range': [ '7.1.1' ],
103 silly audit   'filter-obj': [ '5.1.0' ],
103 silly audit   'find-up': [ '5.0.0' ],
103 silly audit   'flat-cache': [ '3.2.0' ],
103 silly audit   flatted: [ '3.3.1' ],
103 silly audit   'for-each': [ '0.3.3' ],
103 silly audit   'foreground-child': [ '3.3.0' ],
103 silly audit   'formdata-polyfill': [ '4.0.10' ],
103 silly audit   'fs-extra': [ '11.2.0' ],
103 silly audit   'fs.realpath': [ '1.0.0' ],
103 silly audit   fsevents: [ '2.3.3' ],
103 silly audit   'function-bind': [ '1.1.2' ],
103 silly audit   'function.prototype.name': [ '1.1.6' ],
103 silly audit   'functions-have-names': [ '1.2.3' ],
103 silly audit   'get-intrinsic': [ '1.2.4' ],
103 silly audit   'get-stream': [ '6.0.1' ],
103 silly audit   'get-symbol-description': [ '1.0.2' ],
103 silly audit   'get-tsconfig': [ '4.8.1' ],
103 silly audit   glob: [ '10.3.10', '7.2.3' ],
103 silly audit   globals: [ '13.24.0' ],
103 silly audit   globalthis: [ '1.0.4' ],
103 silly audit   gopd: [ '1.0.1' ],
103 silly audit   'graceful-fs': [ '4.2.11' ],
103 silly audit   graphemer: [ '1.4.0' ],
103 silly audit   'has-bigints': [ '1.0.2' ],
103 silly audit   'has-property-descriptors': [ '1.0.2' ],
103 silly audit   'has-proto': [ '1.0.3' ],
103 silly audit   'has-symbols': [ '1.0.3' ],
103 silly audit   'has-tostringtag': [ '1.0.2' ],
103 silly audit   hasown: [ '2.0.2' ],
103 silly audit   'https-proxy-agent': [ '6.2.1' ],
103 silly audit   'human-signals': [ '4.3.1' ],
103 silly audit   ieee754: [ '1.2.1' ],
103 silly audit   ignore: [ '5.3.2' ],
103 silly audit   'import-fresh': [ '3.3.0' ],
103 silly audit   imurmurhash: [ '0.1.4' ],
103 silly audit   inflight: [ '1.0.6' ],
103 silly audit   inherits: [ '2.0.4' ],
103 silly audit   init: [ '0.1.2' ],
103 silly audit   'internal-slot': [ '1.0.7' ],
103 silly audit   'is-arguments': [ '1.1.1' ],
103 silly audit   'is-array-buffer': [ '3.0.4' ],
103 silly audit   'is-arrayish': [ '0.2.1' ],
103 silly audit   'is-async-function': [ '2.0.0' ],
103 silly audit   'is-bigint': [ '1.0.4' ],
103 silly audit   'is-binary-path': [ '2.1.0' ],
103 silly audit   'is-boolean-object': [ '1.1.2' ],
103 silly audit   'is-bun-module': [ '1.2.1' ],
103 silly audit   'is-callable': [ '1.2.7' ],
103 silly audit   'is-core-module': [ '2.15.1' ],
103 silly audit   'is-data-view': [ '1.0.1' ],
103 silly audit   'is-date-object': [ '1.0.5' ],
103 silly audit   'is-extglob': [ '2.1.1' ],
103 silly audit   'is-finalizationregistry': [ '1.0.2' ],
103 silly audit   'is-fullwidth-code-point': [ '3.0.0' ],
103 silly audit   'is-generator-function': [ '1.0.10' ],
103 silly audit   'is-glob': [ '4.0.3' ],
103 silly audit   'is-interactive': [ '2.0.0' ],
103 silly audit   'is-map': [ '2.0.3' ],
103 silly audit   'is-negative-zero': [ '2.0.3' ],
103 silly audit   'is-number': [ '7.0.0' ],
103 silly audit   'is-number-object': [ '1.0.7' ],
103 silly audit   'is-path-inside': [ '3.0.3' ],
103 silly audit   'is-regex': [ '1.1.4' ],
103 silly audit   'is-set': [ '2.0.3' ],
103 silly audit   'is-shared-array-buffer': [ '1.0.3' ],
103 silly audit   'is-stream': [ '3.0.0' ],
103 silly audit   'is-string': [ '1.0.7' ],
103 silly audit   'is-symbol': [ '1.0.4' ],
103 silly audit   'is-typed-array': [ '1.1.13' ],
103 silly audit   'is-unicode-supported': [ '1.3.0' ],
103 silly audit   'is-weakmap': [ '2.0.2' ],
103 silly audit   'is-weakref': [ '1.0.2' ],
103 silly audit   'is-weakset': [ '2.0.3' ],
103 silly audit   isarray: [ '2.0.5' ],
103 silly audit   isexe: [ '2.0.0' ],
103 silly audit   'iterator.prototype': [ '1.1.3' ],
103 silly audit   jackspeak: [ '2.3.6' ],
103 silly audit   jiti: [ '1.21.6' ],
103 silly audit   'js-tokens': [ '4.0.0' ],
103 silly audit   'js-yaml': [ '4.1.0' ],
103 silly audit   'json-buffer': [ '3.0.1' ],
103 silly audit   'json-parse-even-better-errors': [ '2.3.1' ],
103 silly audit   'json-schema-traverse': [ '0.4.1' ],
103 silly audit   'json-stable-stringify-without-jsonify': [ '1.0.1' ],
103 silly audit   json5: [ '1.0.2', '2.2.3' ],
103 silly audit   jsonfile: [ '6.1.0' ],
103 silly audit   'jsx-ast-utils': [ '3.3.5' ],
103 silly audit   keyv: [ '4.5.4' ],
103 silly audit   kleur: [ '3.0.3' ],
103 silly audit   'language-subtag-registry': [ '0.3.23' ],
103 silly audit   'language-tags': [ '1.0.9' ],
103 silly audit   levn: [ '0.4.1' ],
103 silly audit   lilconfig: [ '2.1.0', '3.1.2' ],
103 silly audit   'lines-and-columns': [ '1.2.4' ],
103 silly audit   'locate-path': [ '6.0.0' ],
103 silly audit   'lodash.merge': [ '4.6.2' ],
103 silly audit   'log-symbols': [ '5.1.0' ],
103 silly audit   'loose-envify': [ '1.4.0' ],
103 silly audit   'lru-cache': [ '10.4.3' ],
103 silly audit   'lucide-react': [ '0.452.0' ],
103 silly audit   'merge-stream': [ '2.0.0' ],
103 silly audit   merge2: [ '1.4.1' ],
103 silly audit   micromatch: [ '4.0.8' ],
103 silly audit   'mimic-fn': [ '4.0.0', '2.1.0' ],
103 silly audit   minimist: [ '1.2.8' ],
103 silly audit   minipass: [ '7.1.2' ],
103 silly audit   mkdirp: [ '2.1.6' ],
103 silly audit   ms: [ '2.1.3' ],
103 silly audit   mz: [ '2.7.0' ],
103 silly audit   nanoid: [ '3.3.7' ],
103 silly audit   'natural-compare': [ '1.4.0' ],
103 silly audit   next: [ '14.2.15' ],
103 silly audit   postcss: [ '8.4.31', '8.4.47' ],
103 silly audit   'node-domexception': [ '1.0.0' ],
103 silly audit   'node-fetch': [ '3.3.2' ],
103 silly audit   'normalize-path': [ '3.0.0' ],
103 silly audit   'npm-run-path': [ '5.3.0' ],
103 silly audit   'path-key': [ '4.0.0', '3.1.1' ],
103 silly audit   'object-assign': [ '4.1.1' ],
103 silly audit   'object-hash': [ '3.0.0' ],
103 silly audit   'object-inspect': [ '1.13.2' ],
103 silly audit   'object-is': [ '1.1.6' ],
103 silly audit   'object-keys': [ '1.1.1' ],
103 silly audit   'object.assign': [ '4.1.5' ],
103 silly audit   'object.entries': [ '1.1.8' ],
103 silly audit   'object.fromentries': [ '2.0.8' ],
103 silly audit   'object.groupby': [ '1.0.3' ],
103 silly audit   'object.values': [ '1.2.0' ],
103 silly audit   once: [ '1.4.0' ],
103 silly audit   onetime: [ '6.0.0', '5.1.2' ],
103 silly audit   optionator: [ '0.9.4' ],
103 silly audit   ora: [ '6.3.1' ],
103 silly audit   'p-limit': [ '3.1.0' ],
103 silly audit   'p-locate': [ '5.0.0' ],
103 silly audit   'parent-module': [ '1.0.1' ],
103 silly audit   'parse-json': [ '5.2.0' ],
103 silly audit   'path-browserify': [ '1.0.1' ],
103 silly audit   'path-exists': [ '4.0.0' ],
103 silly audit   'path-is-absolute': [ '1.0.1' ],
103 silly audit   'path-parse': [ '1.0.7' ],
103 silly audit   'path-scurry': [ '1.11.1' ],
103 silly audit   'path-type': [ '4.0.0' ],
103 silly audit   picocolors: [ '1.1.0' ],
103 silly audit   picomatch: [ '2.3.1' ],
103 silly audit   pify: [ '2.3.0' ],
103 silly audit   pirates: [ '4.0.6' ],
103 silly audit   'possible-typed-array-names': [ '1.0.0' ],
103 silly audit   'postcss-import': [ '15.1.0' ],
103 silly audit   'postcss-js': [ '4.0.1' ],
103 silly audit   'postcss-load-config': [ '4.0.2' ],
103 silly audit   'postcss-nested': [ '6.2.0' ],
103 silly audit   'postcss-selector-parser': [ '6.1.2' ],
103 silly audit   'postcss-value-parser': [ '4.2.0' ],
103 silly audit   'prelude-ls': [ '1.2.1' ],
103 silly audit   prompts: [ '2.4.2' ],
103 silly audit   'prop-types': [ '15.8.1' ],
103 silly audit   punycode: [ '2.3.1' ],
103 silly audit   'query-string': [ '9.1.1' ],
103 silly audit   'queue-microtask': [ '1.2.3' ],
103 silly audit   react: [ '18.3.1' ],
103 silly audit   'react-chartjs-2': [ '5.2.0' ],
103 silly audit   'react-countup': [ '6.5.3' ],
103 silly audit   'react-dom': [ '18.3.1' ],
103 silly audit   'react-is': [ '16.13.1' ],
103 silly audit   'read-cache': [ '1.0.0' ],
103 silly audit   'readable-stream': [ '3.6.2' ],
103 silly audit   readdirp: [ '3.6.0' ],
103 silly audit   'reflect.getprototypeof': [ '1.0.6' ],
103 silly audit   'regexp.prototype.flags': [ '1.5.3' ],
103 silly audit   'resolve-from': [ '4.0.0' ],
103 silly audit   'resolve-pkg-maps': [ '1.0.0' ],
103 silly audit   'restore-cursor': [ '4.0.0' ],
103 silly audit   reusify: [ '1.0.4' ],
103 silly audit   rimraf: [ '3.0.2' ],
103 silly audit   'run-parallel': [ '1.2.0' ],
103 silly audit   'safe-array-concat': [ '1.1.2' ],
103 silly audit   'safe-buffer': [ '5.2.1' ],
103 silly audit   'safe-regex-test': [ '1.0.3' ],
103 silly audit   scheduler: [ '0.23.2' ],
103 silly audit   'set-function-length': [ '1.2.2' ],
103 silly audit   'set-function-name': [ '2.0.2' ],
103 silly audit   shadcn: [ '1.0.0' ],
103 silly audit   'shadcn-ui': [ '0.2.3' ],
103 silly audit   'tsconfig-paths': [ '4.2.0', '3.15.0' ],
103 silly audit   'shebang-command': [ '2.0.0' ],
103 silly audit   'shebang-regex': [ '3.0.0' ],
103 silly audit   'side-channel': [ '1.0.6' ],
103 silly audit   sisteransi: [ '1.0.5' ],
103 silly audit   'source-map-js': [ '1.2.1' ],
103 silly audit   'split-on-first': [ '3.0.0' ],
103 silly audit   'stdin-discarder': [ '0.1.0' ],
103 silly audit   'stop-iteration-iterator': [ '1.0.0' ],
103 silly audit   streamsearch: [ '1.1.0' ],
103 silly audit   string_decoder: [ '1.3.0' ],
103 silly audit   'string-width': [ '5.1.2', '4.2.3' ],
103 silly audit   'string.prototype.includes': [ '2.0.0' ],
103 silly audit   'string.prototype.matchall': [ '4.0.11' ],
103 silly audit   'string.prototype.repeat': [ '1.0.0' ],
103 silly audit   'string.prototype.trim': [ '1.2.9' ],
103 silly audit   'string.prototype.trimend': [ '1.0.8' ],
103 silly audit   'string.prototype.trimstart': [ '1.0.8' ],
103 silly audit   'strip-bom': [ '3.0.0' ],
103 silly audit   'strip-final-newline': [ '3.0.0' ],
103 silly audit   'strip-json-comments': [ '3.1.1' ],
103 silly audit   'styled-jsx': [ '5.1.1' ],
103 silly audit   sucrase: [ '3.35.0' ],
103 silly audit   'supports-preserve-symlinks-flag': [ '1.0.0' ],
103 silly audit   'tailwind-merge': [ '2.5.3' ],
103 silly audit   tailwindcss: [ '3.4.13' ],
103 silly audit   'tailwindcss-animate': [ '1.0.7' ],
103 silly audit   tapable: [ '2.2.1' ],
103 silly audit   'text-table': [ '0.2.0' ],
103 silly audit   thenify: [ '3.3.1' ],
103 silly audit   'thenify-all': [ '1.6.0' ],
103 silly audit   'to-regex-range': [ '5.0.1' ],
103 silly audit   'ts-api-utils': [ '1.3.0' ],
103 silly audit   'ts-interface-checker': [ '0.1.13' ],
103 silly audit   'ts-morph': [ '18.0.0' ],
103 silly audit   tslib: [ '2.7.0' ],
103 silly audit   'type-check': [ '0.4.0' ],
103 silly audit   'type-fest': [ '0.20.2' ],
103 silly audit   'typed-array-buffer': [ '1.0.2' ],
103 silly audit   'typed-array-byte-length': [ '1.0.1' ],
103 silly audit   'typed-array-byte-offset': [ '1.0.2' ],
103 silly audit   'typed-array-length': [ '1.0.6' ],
103 silly audit   typescript: [ '5.6.3' ],
103 silly audit   'unbox-primitive': [ '1.0.2' ],
103 silly audit   'undici-types': [ '6.19.8' ],
103 silly audit   universalify: [ '2.0.1' ],
103 silly audit   'uri-js': [ '4.4.1' ],
103 silly audit   'util-deprecate': [ '1.0.2' ],
103 silly audit   wcwidth: [ '1.0.1' ],
103 silly audit   'web-streams-polyfill': [ '3.3.3' ],
103 silly audit   which: [ '2.0.2' ],
103 silly audit   'which-boxed-primitive': [ '1.0.2' ],
103 silly audit   'which-builtin-type': [ '1.1.4' ],
103 silly audit   'which-collection': [ '1.0.2' ],
103 silly audit   'which-typed-array': [ '1.1.15' ],
103 silly audit   'word-wrap': [ '1.2.5' ],
103 silly audit   'wrap-ansi': [ '8.1.0', '7.0.0' ],
103 silly audit   wrappy: [ '1.0.2' ],
103 silly audit   yaml: [ '2.5.1' ],
103 silly audit   'yocto-queue': [ '0.1.0' ],
103 silly audit   zod: [ '3.23.8' ],
103 silly audit   '@headlessui/react': [ '2.1.10' ],
103 silly audit   '@floating-ui/react': [ '0.26.25' ],
103 silly audit   '@react-aria/focus': [ '3.18.4' ],
103 silly audit   '@react-aria/interactions': [ '3.22.4' ],
103 silly audit   '@tanstack/react-virtual': [ '3.10.8' ],
103 silly audit   '@floating-ui/react-dom': [ '2.1.2' ],
103 silly audit   '@floating-ui/utils': [ '0.2.8' ],
103 silly audit   tabbable: [ '6.2.0' ],
103 silly audit   '@floating-ui/dom': [ '1.6.11' ],
103 silly audit   '@floating-ui/core': [ '1.6.8' ],
103 silly audit   '@react-aria/utils': [ '3.25.3' ],
103 silly audit   '@react-types/shared': [ '3.25.0' ],
103 silly audit   '@react-aria/ssr': [ '3.9.6' ],
103 silly audit   '@react-stately/utils': [ '3.10.4' ],
103 silly audit   '@tanstack/virtual-core': [ '3.10.8' ]
103 silly audit }
104 verbose reify failed optional dependency /home/gevalinho/gevalinho/conduit_bank/node_modules/fsevents
105 silly reify mark deleted [ '/home/gevalinho/gevalinho/conduit_bank/node_modules/fsevents' ]
106 verbose reify failed optional dependency /home/gevalinho/gevalinho/conduit_bank/node_modules/@next/swc-win32-x64-msvc
107 silly reify mark deleted [
107 silly reify   '/home/gevalinho/gevalinho/conduit_bank/node_modules/@next/swc-win32-x64-msvc'
107 silly reify ]
108 verbose reify failed optional dependency /home/gevalinho/gevalinho/conduit_bank/node_modules/@next/swc-win32-ia32-msvc
109 silly reify mark deleted [
109 silly reify   '/home/gevalinho/gevalinho/conduit_bank/node_modules/@next/swc-win32-ia32-msvc'
109 silly reify ]
110 verbose reify failed optional dependency /home/gevalinho/gevalinho/conduit_bank/node_modules/@next/swc-win32-arm64-msvc
111 silly reify mark deleted [
111 silly reify   '/home/gevalinho/gevalinho/conduit_bank/node_modules/@next/swc-win32-arm64-msvc'
111 silly reify ]
112 verbose reify failed optional dependency /home/gevalinho/gevalinho/conduit_bank/node_modules/@next/swc-linux-arm64-musl
113 silly reify mark deleted [
113 silly reify   '/home/gevalinho/gevalinho/conduit_bank/node_modules/@next/swc-linux-arm64-musl'
113 silly reify ]
114 verbose reify failed optional dependency /home/gevalinho/gevalinho/conduit_bank/node_modules/@next/swc-linux-arm64-gnu
115 silly reify mark deleted [
115 silly reify   '/home/gevalinho/gevalinho/conduit_bank/node_modules/@next/swc-linux-arm64-gnu'
115 silly reify ]
116 verbose reify failed optional dependency /home/gevalinho/gevalinho/conduit_bank/node_modules/@next/swc-darwin-x64
117 silly reify mark deleted [
117 silly reify   '/home/gevalinho/gevalinho/conduit_bank/node_modules/@next/swc-darwin-x64'
117 silly reify ]
118 verbose reify failed optional dependency /home/gevalinho/gevalinho/conduit_bank/node_modules/@next/swc-darwin-arm64
119 silly reify mark deleted [
119 silly reify   '/home/gevalinho/gevalinho/conduit_bank/node_modules/@next/swc-darwin-arm64'
119 silly reify ]
120 silly tarball no local data for @tanstack/virtual-core@https://registry.npmjs.org/@tanstack/virtual-core/-/virtual-core-3.10.8.tgz. Extracting by manifest.
121 silly tarball no local data for @react-types/shared@https://registry.npmjs.org/@react-types/shared/-/shared-3.25.0.tgz. Extracting by manifest.
122 silly tarball no local data for @react-aria/utils@https://registry.npmjs.org/@react-aria/utils/-/utils-3.25.3.tgz. Extracting by manifest.
123 silly tarball no local data for @react-stately/utils@https://registry.npmjs.org/@react-stately/utils/-/utils-3.10.4.tgz. Extracting by manifest.
124 silly tarball no local data for @react-aria/ssr@https://registry.npmjs.org/@react-aria/ssr/-/ssr-3.9.6.tgz. Extracting by manifest.
125 silly tarball no local data for @floating-ui/core@https://registry.npmjs.org/@floating-ui/core/-/core-1.6.8.tgz. Extracting by manifest.
126 silly tarball no local data for @floating-ui/utils@https://registry.npmjs.org/@floating-ui/utils/-/utils-0.2.8.tgz. Extracting by manifest.
127 silly tarball no local data for @floating-ui/react-dom@https://registry.npmjs.org/@floating-ui/react-dom/-/react-dom-2.1.2.tgz. Extracting by manifest.
128 silly tarball no local data for tabbable@https://registry.npmjs.org/tabbable/-/tabbable-6.2.0.tgz. Extracting by manifest.
129 silly tarball no local data for @tanstack/react-virtual@https://registry.npmjs.org/@tanstack/react-virtual/-/react-virtual-3.10.8.tgz. Extracting by manifest.
130 silly tarball no local data for @floating-ui/dom@https://registry.npmjs.org/@floating-ui/dom/-/dom-1.6.11.tgz. Extracting by manifest.
131 silly tarball no local data for @floating-ui/react@https://registry.npmjs.org/@floating-ui/react/-/react-0.26.25.tgz. Extracting by manifest.
132 silly tarball no local data for @react-aria/interactions@https://registry.npmjs.org/@react-aria/interactions/-/interactions-3.22.4.tgz. Extracting by manifest.
133 silly tarball no local data for @react-aria/focus@https://registry.npmjs.org/@react-aria/focus/-/focus-3.18.4.tgz. Extracting by manifest.
134 silly tarball no local data for @headlessui/react@https://registry.npmjs.org/@headlessui/react/-/react-2.1.10.tgz. Extracting by manifest.
135 http fetch GET 200 https://registry.npmjs.org/@tanstack/virtual-core/-/virtual-core-3.10.8.tgz 531ms (cache miss)
136 http fetch POST 200 https://registry.npmjs.org/-/npm/v1/security/advisories/bulk 1037ms
137 silly audit report {}
138 http fetch GET 200 https://registry.npmjs.org/@tanstack/react-virtual/-/react-virtual-3.10.8.tgz 1039ms (cache miss)
139 http fetch GET 200 https://registry.npmjs.org/@floating-ui/react-dom/-/react-dom-2.1.2.tgz 1046ms (cache miss)
140 http fetch GET 200 https://registry.npmjs.org/@floating-ui/utils/-/utils-0.2.8.tgz 1047ms (cache miss)
141 http fetch GET 200 https://registry.npmjs.org/@react-stately/utils/-/utils-3.10.4.tgz 1051ms (cache miss)
142 http fetch GET 200 https://registry.npmjs.org/@floating-ui/dom/-/dom-1.6.11.tgz 1051ms (cache miss)
143 http fetch GET 200 https://registry.npmjs.org/@react-aria/ssr/-/ssr-3.9.6.tgz 1082ms (cache miss)
144 http fetch GET 200 https://registry.npmjs.org/tabbable/-/tabbable-6.2.0.tgz 1093ms (cache miss)
145 http fetch GET 200 https://registry.npmjs.org/@floating-ui/core/-/core-1.6.8.tgz 1207ms (cache miss)
146 http fetch GET 200 https://registry.npmjs.org/@react-types/shared/-/shared-3.25.0.tgz 1677ms (cache miss)
147 http fetch GET 200 https://registry.npmjs.org/@react-aria/focus/-/focus-3.18.4.tgz 1874ms (cache miss)
148 http fetch GET 200 https://registry.npmjs.org/@floating-ui/react/-/react-0.26.25.tgz 2321ms (cache miss)
149 http fetch GET 200 https://registry.npmjs.org/@react-aria/interactions/-/interactions-3.22.4.tgz 2346ms (cache miss)
150 http fetch GET 200 https://registry.npmjs.org/@headlessui/react/-/react-2.1.10.tgz 2758ms (cache miss)
151 http fetch GET 200 https://registry.npmjs.org/@react-aria/utils/-/utils-3.25.3.tgz 3074ms (cache miss)
152 silly ADD node_modules/@tanstack/virtual-core
153 silly ADD node_modules/@react-stately/utils
154 silly ADD node_modules/@react-aria/ssr
155 silly ADD node_modules/@react-types/shared
156 silly ADD node_modules/@react-aria/utils
157 silly ADD node_modules/@floating-ui/core
158 silly ADD node_modules/@floating-ui/dom
159 silly ADD node_modules/tabbable
160 silly ADD node_modules/@floating-ui/utils
161 silly ADD node_modules/@floating-ui/react-dom
162 silly ADD node_modules/@tanstack/react-virtual
163 silly ADD node_modules/@react-aria/interactions
164 silly ADD node_modules/@react-aria/focus
165 silly ADD node_modules/@floating-ui/react
166 silly ADD node_modules/@headlessui/react
167 silly ADD
168 silly ADD
169 silly ADD
170 silly ADD
171 silly ADD
172 silly ADD
173 silly ADD
174 silly ADD
175 verbose cwd /home/gevalinho/gevalinho/conduit_bank
176 verbose os Linux 5.15.153.1-microsoft-standard-WSL2
177 verbose node v21.7.1
178 verbose npm  v10.9.0
179 verbose exit 0
180 info ok
