0 verbose cli /home/gevalinho/.nvm/versions/node/v21.7.1/bin/node /home/gevalinho/.nvm/versions/node/v21.7.1/bin/npm
1 info using npm@10.9.0
2 info using node@v21.7.1
3 silly config load:file:/home/gevalinho/.nvm/versions/node/v21.7.1/lib/node_modules/npm/npmrc
4 silly config load:file:/home/gevalinho/gevalinho/conduit_bank/.npmrc
5 silly config load:file:/home/gevalinho/.npmrc
6 silly config load:file:/home/gevalinho/.nvm/versions/node/v21.7.1/etc/npmrc
7 verbose title npm view react-dom description dist-tags.latest homepage version time
8 verbose argv "view" "--json" "--" "react-dom" "description" "dist-tags.latest" "homepage" "version" "time"
9 verbose logfile logs-max:10 dir:/home/gevalinho/gevalinho/conduit_bank/C:UsersgevalAppDataRoamingnpm-cache/_logs/2024-10-18T10_06_45_703Z-
10 verbose logfile /home/gevalinho/gevalinho/conduit_bank/C:UsersgevalAppDataRoamingnpm-cache/_logs/2024-10-18T10_06_45_703Z-debug-0.log
11 silly logfile start cleaning logs, removing 1 files
12 silly logfile done cleaning log files
13 http fetch GET https://registry.npmjs.org/react-dom attempt 1 failed with ETIMEDOUT
14 http fetch GET https://registry.npmjs.org/react-dom attempt 2 failed with ETIMEDOUT
15 http fetch GET 200 https://registry.npmjs.org/react-dom 79839ms (cache revalidated)
16 verbose cwd /home/gevalinho/gevalinho/conduit_bank
17 verbose os Linux 5.15.153.1-microsoft-standard-WSL2
18 verbose node v21.7.1
19 verbose npm  v10.9.0
20 verbose exit 0
21 info ok
