0 verbose cli /home/gevalinho/.nvm/versions/node/v21.7.1/bin/node /home/gevalinho/.nvm/versions/node/v21.7.1/bin/npm
1 info using npm@10.9.0
2 info using node@v21.7.1
3 silly config load:file:/home/gevalinho/.nvm/versions/node/v21.7.1/lib/node_modules/npm/npmrc
4 silly config load:file:/home/gevalinho/gevalinho/conduit_bank/.npmrc
5 silly config load:file:/home/gevalinho/.npmrc
6 silly config load:file:/home/gevalinho/.nvm/versions/node/v21.7.1/etc/npmrc
7 verbose title npm install tailwindcss-animate class-variance-authority clsx tailwind-merge lucide-react
8 verbose argv "install" "tailwindcss-animate" "class-variance-authority" "clsx" "tailwind-merge" "lucide-react"
9 verbose logfile logs-max:10 dir:/home/gevalinho/gevalinho/conduit_bank/C:UsersgevalAppDataRoamingnpm-cache/_logs/2024-10-13T10_32_32_303Z-
10 verbose logfile /home/gevalinho/gevalinho/conduit_bank/C:UsersgevalAppDataRoamingnpm-cache/_logs/2024-10-13T10_32_32_303Z-debug-0.log
11 silly logfile done cleaning log files
12 silly packumentCache heap:2197815296 maxSize:549453824 maxEntrySize:274726912
13 silly idealTree buildDeps
14 silly fetch manifest tailwindcss-animate@*
15 silly packumentCache full:https://registry.npmjs.org/tailwindcss-animate cache-miss
16 http fetch GET 200 https://registry.npmjs.org/tailwindcss-animate 813ms (cache miss)
17 silly packumentCache full:https://registry.npmjs.org/tailwindcss-animate set size:undefined disposed:false
18 silly fetch manifest class-variance-authority@*
19 silly packumentCache full:https://registry.npmjs.org/class-variance-authority cache-miss
20 http fetch GET 200 https://registry.npmjs.org/class-variance-authority 196ms (cache miss)
21 silly packumentCache full:https://registry.npmjs.org/class-variance-authority set size:undefined disposed:false
22 silly fetch manifest clsx@*
23 silly packumentCache full:https://registry.npmjs.org/clsx cache-miss
24 http fetch GET 200 https://registry.npmjs.org/clsx 181ms (cache miss)
25 silly packumentCache full:https://registry.npmjs.org/clsx set size:undefined disposed:false
26 silly fetch manifest tailwind-merge@*
27 silly packumentCache full:https://registry.npmjs.org/tailwind-merge cache-miss
28 http fetch GET 200 https://registry.npmjs.org/tailwind-merge 358ms (cache miss)
29 silly packumentCache full:https://registry.npmjs.org/tailwind-merge set size:undefined disposed:false
30 silly fetch manifest lucide-react@*
31 silly packumentCache full:https://registry.npmjs.org/lucide-react cache-miss
32 http fetch GET 200 https://registry.npmjs.org/lucide-react 425ms (cache miss)
33 silly packumentCache full:https://registry.npmjs.org/lucide-react set size:undefined disposed:false
34 silly placeDep ROOT class-variance-authority@0.7.0 OK for: conduit_bank@0.1.0 want: *
35 silly placeDep ROOT clsx@2.1.1 OK for: conduit_bank@0.1.0 want: *
36 silly placeDep ROOT lucide-react@0.452.0 OK for: conduit_bank@0.1.0 want: *
37 silly placeDep ROOT tailwind-merge@2.5.3 OK for: conduit_bank@0.1.0 want: *
38 silly placeDep ROOT tailwindcss-animate@1.0.7 OK for: conduit_bank@0.1.0 want: *
39 silly fetch manifest clsx@2.0.0
40 silly packumentCache full:https://registry.npmjs.org/clsx cache-miss
41 http fetch GET 200 https://registry.npmjs.org/clsx 7ms (cache hit)
42 silly packumentCache full:https://registry.npmjs.org/clsx set size:42489 disposed:false
43 silly placeDep node_modules/class-variance-authority clsx@2.0.0 OK for: class-variance-authority@0.7.0 want: 2.0.0
44 silly reify moves {}
45 silly audit bulk request {
45 silly audit   '@alloc/quick-lru': [ '5.2.0' ],
45 silly audit   '@antfu/ni': [ '0.21.12' ],
45 silly audit   '@babel/code-frame': [ '7.25.7' ],
45 silly audit   '@babel/helper-validator-identifier': [ '7.25.7' ],
45 silly audit   '@babel/highlight': [ '7.25.7' ],
45 silly audit   'ansi-styles': [ '3.2.1', '4.3.0', '6.2.1' ],
45 silly audit   chalk: [ '2.4.2', '4.1.2', '5.3.0', '5.2.0' ],
45 silly audit   'color-convert': [ '1.9.3', '2.0.1' ],
45 silly audit   'color-name': [ '1.1.3', '1.1.4' ],
45 silly audit   'escape-string-regexp': [ '1.0.5', '4.0.0' ],
45 silly audit   'has-flag': [ '3.0.0', '4.0.0' ],
45 silly audit   'supports-color': [ '5.5.0', '7.2.0' ],
45 silly audit   '@eslint-community/eslint-utils': [ '4.4.0' ],
45 silly audit   '@eslint-community/regexpp': [ '4.11.1' ],
45 silly audit   '@eslint/eslintrc': [ '2.1.4' ],
45 silly audit   '@eslint/js': [ '8.57.1' ],
45 silly audit   '@humanwhocodes/config-array': [ '0.13.0' ],
45 silly audit   '@humanwhocodes/module-importer': [ '1.0.1' ],
45 silly audit   '@humanwhocodes/object-schema': [ '2.0.3' ],
45 silly audit   '@isaacs/cliui': [ '8.0.2' ],
45 silly audit   'ansi-regex': [ '6.1.0', '5.0.1' ],
45 silly audit   'strip-ansi': [ '7.1.0', '6.0.1' ],
45 silly audit   '@jridgewell/gen-mapping': [ '0.3.5' ],
45 silly audit   '@jridgewell/resolve-uri': [ '3.1.2' ],
45 silly audit   '@jridgewell/set-array': [ '1.2.1' ],
45 silly audit   '@jridgewell/sourcemap-codec': [ '1.5.0' ],
45 silly audit   '@jridgewell/trace-mapping': [ '0.3.25' ],
45 silly audit   '@next/env': [ '14.2.15' ],
45 silly audit   '@next/eslint-plugin-next': [ '14.2.15' ],
45 silly audit   '@next/swc-darwin-arm64': [ '14.2.15' ],
45 silly audit   '@next/swc-darwin-x64': [ '14.2.15' ],
45 silly audit   '@next/swc-linux-arm64-gnu': [ '14.2.15' ],
45 silly audit   '@next/swc-linux-arm64-musl': [ '14.2.15' ],
45 silly audit   '@next/swc-linux-x64-gnu': [ '14.2.15' ],
45 silly audit   '@next/swc-linux-x64-musl': [ '14.2.15' ],
45 silly audit   '@next/swc-win32-arm64-msvc': [ '14.2.15' ],
45 silly audit   '@next/swc-win32-ia32-msvc': [ '14.2.15' ],
45 silly audit   '@next/swc-win32-x64-msvc': [ '14.2.15' ],
45 silly audit   '@nodelib/fs.scandir': [ '2.1.5' ],
45 silly audit   '@nodelib/fs.stat': [ '2.0.5' ],
45 silly audit   '@nodelib/fs.walk': [ '1.2.8' ],
45 silly audit   '@nolyfill/is-core-module': [ '1.0.39' ],
45 silly audit   '@pkgjs/parseargs': [ '0.11.0' ],
45 silly audit   '@rtsao/scc': [ '1.1.0' ],
45 silly audit   '@rushstack/eslint-patch': [ '1.10.4' ],
45 silly audit   '@swc/counter': [ '0.1.3' ],
45 silly audit   '@swc/helpers': [ '0.5.5' ],
45 silly audit   '@ts-morph/common': [ '0.19.0' ],
45 silly audit   'brace-expansion': [ '2.0.1', '1.1.11' ],
45 silly audit   minimatch: [ '7.4.6', '9.0.5', '3.1.2' ],
45 silly audit   '@types/json5': [ '0.0.29' ],
45 silly audit   '@types/node': [ '20.16.11' ],
45 silly audit   '@types/prop-types': [ '15.7.13' ],
45 silly audit   '@types/react': [ '18.3.11' ],
45 silly audit   '@types/react-dom': [ '18.3.1' ],
45 silly audit   '@typescript-eslint/eslint-plugin': [ '8.8.1' ],
45 silly audit   '@typescript-eslint/parser': [ '8.8.1' ],
45 silly audit   '@typescript-eslint/scope-manager': [ '8.8.1' ],
45 silly audit   '@typescript-eslint/type-utils': [ '8.8.1' ],
45 silly audit   '@typescript-eslint/types': [ '8.8.1' ],
45 silly audit   '@typescript-eslint/typescript-estree': [ '8.8.1' ],
45 silly audit   '@typescript-eslint/utils': [ '8.8.1' ],
45 silly audit   '@typescript-eslint/visitor-keys': [ '8.8.1' ],
45 silly audit   '@ungap/structured-clone': [ '1.2.0' ],
45 silly audit   acorn: [ '8.12.1' ],
45 silly audit   'acorn-jsx': [ '5.3.2' ],
45 silly audit   'agent-base': [ '7.1.1' ],
45 silly audit   ajv: [ '6.12.6' ],
45 silly audit   'any-promise': [ '1.3.0' ],
45 silly audit   anymatch: [ '3.1.3' ],
45 silly audit   arg: [ '5.0.2' ],
45 silly audit   argparse: [ '2.0.1' ],
45 silly audit   'aria-query': [ '5.1.3' ],
45 silly audit   'array-buffer-byte-length': [ '1.0.1' ],
45 silly audit   'array-includes': [ '3.1.8' ],
45 silly audit   'array.prototype.findlast': [ '1.2.5' ],
45 silly audit   'array.prototype.findlastindex': [ '1.2.5' ],
45 silly audit   'array.prototype.flat': [ '1.3.2' ],
45 silly audit   'array.prototype.flatmap': [ '1.3.2' ],
45 silly audit   'array.prototype.tosorted': [ '1.1.4' ],
45 silly audit   'arraybuffer.prototype.slice': [ '1.0.3' ],
45 silly audit   'ast-types-flow': [ '0.0.8' ],
45 silly audit   'available-typed-arrays': [ '1.0.7' ],
45 silly audit   'axe-core': [ '4.10.0' ],
45 silly audit   'axobject-query': [ '4.1.0' ],
45 silly audit   'balanced-match': [ '1.0.2' ],
45 silly audit   'base64-js': [ '1.5.1' ],
45 silly audit   'binary-extensions': [ '2.3.0' ],
45 silly audit   bl: [ '5.1.0' ],
45 silly audit   braces: [ '3.0.3' ],
45 silly audit   buffer: [ '6.0.3' ],
45 silly audit   busboy: [ '1.6.0' ],
45 silly audit   'call-bind': [ '1.0.7' ],
45 silly audit   callsites: [ '3.1.0' ],
45 silly audit   'camelcase-css': [ '2.0.1' ],
45 silly audit   'caniuse-lite': [ '1.0.30001668' ],
45 silly audit   chokidar: [ '3.6.0' ],
45 silly audit   'glob-parent': [ '5.1.2', '6.0.2' ],
45 silly audit   'cli-cursor': [ '4.0.0' ],
45 silly audit   'cli-spinners': [ '2.9.2' ],
45 silly audit   'client-only': [ '0.0.1' ],
45 silly audit   clone: [ '1.0.4' ],
45 silly audit   'code-block-writer': [ '12.0.0' ],
45 silly audit   commander: [ '4.1.1', '10.0.1' ],
45 silly audit   'concat-map': [ '0.0.1' ],
45 silly audit   cosmiconfig: [ '8.3.6' ],
45 silly audit   'cross-spawn': [ '7.0.3' ],
45 silly audit   cssesc: [ '3.0.0' ],
45 silly audit   csstype: [ '3.1.3' ],
45 silly audit   daemon: [ '1.1.0' ],
45 silly audit   'damerau-levenshtein': [ '1.0.8' ],
45 silly audit   'data-uri-to-buffer': [ '4.0.1' ],
45 silly audit   'data-view-buffer': [ '1.0.1' ],
45 silly audit   'data-view-byte-length': [ '1.0.1' ],
45 silly audit   'data-view-byte-offset': [ '1.0.0' ],
45 silly audit   debug: [ '4.3.7', '3.2.7' ],
45 silly audit   'deep-equal': [ '2.2.3' ],
45 silly audit   'deep-is': [ '0.1.4' ],
45 silly audit   defaults: [ '1.0.4' ],
45 silly audit   'define-data-property': [ '1.1.4' ],
45 silly audit   'define-properties': [ '1.2.1' ],
45 silly audit   didyoumean: [ '1.2.2' ],
45 silly audit   diff: [ '5.2.0' ],
45 silly audit   dlv: [ '1.1.3' ],
45 silly audit   doctrine: [ '3.0.0', '2.1.0' ],
45 silly audit   eastasianwidth: [ '0.2.0' ],
45 silly audit   'emoji-regex': [ '9.2.2', '8.0.0' ],
45 silly audit   'enhanced-resolve': [ '5.17.1' ],
45 silly audit   'error-ex': [ '1.3.2' ],
45 silly audit   'es-abstract': [ '1.23.3' ],
45 silly audit   'es-define-property': [ '1.0.0' ],
45 silly audit   'es-errors': [ '1.3.0' ],
45 silly audit   'es-get-iterator': [ '1.1.3' ],
45 silly audit   'es-iterator-helpers': [ '1.1.0' ],
45 silly audit   'es-object-atoms': [ '1.0.0' ],
45 silly audit   'es-set-tostringtag': [ '2.0.3' ],
45 silly audit   'es-shim-unscopables': [ '1.0.2' ],
45 silly audit   'es-to-primitive': [ '1.2.1' ],
45 silly audit   eslint: [ '8.57.1' ],
45 silly audit   'eslint-config-next': [ '14.2.15' ],
45 silly audit   'eslint-import-resolver-node': [ '0.3.9' ],
45 silly audit   'eslint-import-resolver-typescript': [ '3.6.3' ],
45 silly audit   'eslint-module-utils': [ '2.12.0' ],
45 silly audit   'eslint-plugin-import': [ '2.31.0' ],
45 silly audit   semver: [ '6.3.1', '7.6.3' ],
45 silly audit   'eslint-plugin-jsx-a11y': [ '6.10.0' ],
45 silly audit   'eslint-plugin-react': [ '7.37.1' ],
45 silly audit   'eslint-plugin-react-hooks': [ '5.0.0-canary-7118f5dd7-20230705' ],
45 silly audit   resolve: [ '2.0.0-next.5', '1.22.8' ],
45 silly audit   'eslint-scope': [ '7.2.2' ],
45 silly audit   'eslint-visitor-keys': [ '3.4.3' ],
45 silly audit   espree: [ '9.6.1' ],
45 silly audit   esquery: [ '1.6.0' ],
45 silly audit   esrecurse: [ '4.3.0' ],
45 silly audit   estraverse: [ '5.3.0' ],
45 silly audit   esutils: [ '2.0.3' ],
45 silly audit   execa: [ '7.2.0' ],
45 silly audit   'signal-exit': [ '3.0.7', '4.1.0' ],
45 silly audit   'fast-deep-equal': [ '3.1.3' ],
45 silly audit   'fast-glob': [ '3.3.2' ],
45 silly audit   'fast-json-stable-stringify': [ '2.1.0' ],
45 silly audit   'fast-levenshtein': [ '2.0.6' ],
45 silly audit   fastq: [ '1.17.1' ],
45 silly audit   'fetch-blob': [ '3.2.0' ],
45 silly audit   'file-entry-cache': [ '6.0.1' ],
45 silly audit   'fill-range': [ '7.1.1' ],
45 silly audit   'find-up': [ '5.0.0' ],
45 silly audit   'flat-cache': [ '3.2.0' ],
45 silly audit   flatted: [ '3.3.1' ],
45 silly audit   'for-each': [ '0.3.3' ],
45 silly audit   'foreground-child': [ '3.3.0' ],
45 silly audit   'formdata-polyfill': [ '4.0.10' ],
45 silly audit   'fs-extra': [ '11.2.0' ],
45 silly audit   'fs.realpath': [ '1.0.0' ],
45 silly audit   fsevents: [ '2.3.3' ],
45 silly audit   'function-bind': [ '1.1.2' ],
45 silly audit   'function.prototype.name': [ '1.1.6' ],
45 silly audit   'functions-have-names': [ '1.2.3' ],
45 silly audit   'get-intrinsic': [ '1.2.4' ],
45 silly audit   'get-stream': [ '6.0.1' ],
45 silly audit   'get-symbol-description': [ '1.0.2' ],
45 silly audit   'get-tsconfig': [ '4.8.1' ],
45 silly audit   glob: [ '10.3.10', '7.2.3' ],
45 silly audit   globals: [ '13.24.0' ],
45 silly audit   globalthis: [ '1.0.4' ],
45 silly audit   gopd: [ '1.0.1' ],
45 silly audit   'graceful-fs': [ '4.2.11' ],
45 silly audit   graphemer: [ '1.4.0' ],
45 silly audit   'has-bigints': [ '1.0.2' ],
45 silly audit   'has-property-descriptors': [ '1.0.2' ],
45 silly audit   'has-proto': [ '1.0.3' ],
45 silly audit   'has-symbols': [ '1.0.3' ],
45 silly audit   'has-tostringtag': [ '1.0.2' ],
45 silly audit   hasown: [ '2.0.2' ],
45 silly audit   'https-proxy-agent': [ '6.2.1' ],
45 silly audit   'human-signals': [ '4.3.1' ],
45 silly audit   ieee754: [ '1.2.1' ],
45 silly audit   ignore: [ '5.3.2' ],
45 silly audit   'import-fresh': [ '3.3.0' ],
45 silly audit   imurmurhash: [ '0.1.4' ],
45 silly audit   inflight: [ '1.0.6' ],
45 silly audit   inherits: [ '2.0.4' ],
45 silly audit   init: [ '0.1.2' ],
45 silly audit   'internal-slot': [ '1.0.7' ],
45 silly audit   'is-arguments': [ '1.1.1' ],
45 silly audit   'is-array-buffer': [ '3.0.4' ],
45 silly audit   'is-arrayish': [ '0.2.1' ],
45 silly audit   'is-async-function': [ '2.0.0' ],
45 silly audit   'is-bigint': [ '1.0.4' ],
45 silly audit   'is-binary-path': [ '2.1.0' ],
45 silly audit   'is-boolean-object': [ '1.1.2' ],
45 silly audit   'is-bun-module': [ '1.2.1' ],
45 silly audit   'is-callable': [ '1.2.7' ],
45 silly audit   'is-core-module': [ '2.15.1' ],
45 silly audit   'is-data-view': [ '1.0.1' ],
45 silly audit   'is-date-object': [ '1.0.5' ],
45 silly audit   'is-extglob': [ '2.1.1' ],
45 silly audit   'is-finalizationregistry': [ '1.0.2' ],
45 silly audit   'is-fullwidth-code-point': [ '3.0.0' ],
45 silly audit   'is-generator-function': [ '1.0.10' ],
45 silly audit   'is-glob': [ '4.0.3' ],
45 silly audit   'is-interactive': [ '2.0.0' ],
45 silly audit   'is-map': [ '2.0.3' ],
45 silly audit   'is-negative-zero': [ '2.0.3' ],
45 silly audit   'is-number': [ '7.0.0' ],
45 silly audit   'is-number-object': [ '1.0.7' ],
45 silly audit   'is-path-inside': [ '3.0.3' ],
45 silly audit   'is-regex': [ '1.1.4' ],
45 silly audit   'is-set': [ '2.0.3' ],
45 silly audit   'is-shared-array-buffer': [ '1.0.3' ],
45 silly audit   'is-stream': [ '3.0.0' ],
45 silly audit   'is-string': [ '1.0.7' ],
45 silly audit   'is-symbol': [ '1.0.4' ],
45 silly audit   'is-typed-array': [ '1.1.13' ],
45 silly audit   'is-unicode-supported': [ '1.3.0' ],
45 silly audit   'is-weakmap': [ '2.0.2' ],
45 silly audit   'is-weakref': [ '1.0.2' ],
45 silly audit   'is-weakset': [ '2.0.3' ],
45 silly audit   isarray: [ '2.0.5' ],
45 silly audit   isexe: [ '2.0.0' ],
45 silly audit   'iterator.prototype': [ '1.1.3' ],
45 silly audit   jackspeak: [ '2.3.6' ],
45 silly audit   jiti: [ '1.21.6' ],
45 silly audit   'js-tokens': [ '4.0.0' ],
45 silly audit   'js-yaml': [ '4.1.0' ],
45 silly audit   'json-buffer': [ '3.0.1' ],
45 silly audit   'json-parse-even-better-errors': [ '2.3.1' ],
45 silly audit   'json-schema-traverse': [ '0.4.1' ],
45 silly audit   'json-stable-stringify-without-jsonify': [ '1.0.1' ],
45 silly audit   json5: [ '1.0.2', '2.2.3' ],
45 silly audit   jsonfile: [ '6.1.0' ],
45 silly audit   'jsx-ast-utils': [ '3.3.5' ],
45 silly audit   keyv: [ '4.5.4' ],
45 silly audit   kleur: [ '3.0.3' ],
45 silly audit   'language-subtag-registry': [ '0.3.23' ],
45 silly audit   'language-tags': [ '1.0.9' ],
45 silly audit   levn: [ '0.4.1' ],
45 silly audit   lilconfig: [ '2.1.0', '3.1.2' ],
45 silly audit   'lines-and-columns': [ '1.2.4' ],
45 silly audit   'locate-path': [ '6.0.0' ],
45 silly audit   'lodash.merge': [ '4.6.2' ],
45 silly audit   'log-symbols': [ '5.1.0' ],
45 silly audit   'loose-envify': [ '1.4.0' ],
45 silly audit   'lru-cache': [ '10.4.3' ],
45 silly audit   'merge-stream': [ '2.0.0' ],
45 silly audit   merge2: [ '1.4.1' ],
45 silly audit   micromatch: [ '4.0.8' ],
45 silly audit   'mimic-fn': [ '4.0.0', '2.1.0' ],
45 silly audit   minimist: [ '1.2.8' ],
45 silly audit   minipass: [ '7.1.2' ],
45 silly audit   mkdirp: [ '2.1.6' ],
45 silly audit   ms: [ '2.1.3' ],
45 silly audit   mz: [ '2.7.0' ],
45 silly audit   nanoid: [ '3.3.7' ],
45 silly audit   'natural-compare': [ '1.4.0' ],
45 silly audit   next: [ '14.2.15' ],
45 silly audit   postcss: [ '8.4.31', '8.4.47' ],
45 silly audit   'node-domexception': [ '1.0.0' ],
45 silly audit   'node-fetch': [ '3.3.2' ],
45 silly audit   'normalize-path': [ '3.0.0' ],
45 silly audit   'npm-run-path': [ '5.3.0' ],
45 silly audit   'path-key': [ '4.0.0', '3.1.1' ],
45 silly audit   'object-assign': [ '4.1.1' ],
45 silly audit   'object-hash': [ '3.0.0' ],
45 silly audit   'object-inspect': [ '1.13.2' ],
45 silly audit   'object-is': [ '1.1.6' ],
45 silly audit   'object-keys': [ '1.1.1' ],
45 silly audit   'object.assign': [ '4.1.5' ],
45 silly audit   'object.entries': [ '1.1.8' ],
45 silly audit   'object.fromentries': [ '2.0.8' ],
45 silly audit   'object.groupby': [ '1.0.3' ],
45 silly audit   'object.values': [ '1.2.0' ],
45 silly audit   once: [ '1.4.0' ],
45 silly audit   onetime: [ '6.0.0', '5.1.2' ],
45 silly audit   optionator: [ '0.9.4' ],
45 silly audit   ora: [ '6.3.1' ],
45 silly audit   'p-limit': [ '3.1.0' ],
45 silly audit   'p-locate': [ '5.0.0' ],
45 silly audit   'parent-module': [ '1.0.1' ],
45 silly audit   'parse-json': [ '5.2.0' ],
45 silly audit   'path-browserify': [ '1.0.1' ],
45 silly audit   'path-exists': [ '4.0.0' ],
45 silly audit   'path-is-absolute': [ '1.0.1' ],
45 silly audit   'path-parse': [ '1.0.7' ],
45 silly audit   'path-scurry': [ '1.11.1' ],
45 silly audit   'path-type': [ '4.0.0' ],
45 silly audit   picocolors: [ '1.1.0' ],
45 silly audit   picomatch: [ '2.3.1' ],
45 silly audit   pify: [ '2.3.0' ],
45 silly audit   pirates: [ '4.0.6' ],
45 silly audit   'possible-typed-array-names': [ '1.0.0' ],
45 silly audit   'postcss-import': [ '15.1.0' ],
45 silly audit   'postcss-js': [ '4.0.1' ],
45 silly audit   'postcss-load-config': [ '4.0.2' ],
45 silly audit   'postcss-nested': [ '6.2.0' ],
45 silly audit   'postcss-selector-parser': [ '6.1.2' ],
45 silly audit   'postcss-value-parser': [ '4.2.0' ],
45 silly audit   'prelude-ls': [ '1.2.1' ],
45 silly audit   prompts: [ '2.4.2' ],
45 silly audit   'prop-types': [ '15.8.1' ],
45 silly audit   punycode: [ '2.3.1' ],
45 silly audit   'queue-microtask': [ '1.2.3' ],
45 silly audit   react: [ '18.3.1' ],
45 silly audit   'react-dom': [ '18.3.1' ],
45 silly audit   'react-is': [ '16.13.1' ],
45 silly audit   'read-cache': [ '1.0.0' ],
45 silly audit   'readable-stream': [ '3.6.2' ],
45 silly audit   readdirp: [ '3.6.0' ],
45 silly audit   'reflect.getprototypeof': [ '1.0.6' ],
45 silly audit   'regexp.prototype.flags': [ '1.5.3' ],
45 silly audit   'resolve-from': [ '4.0.0' ],
45 silly audit   'resolve-pkg-maps': [ '1.0.0' ],
45 silly audit   'restore-cursor': [ '4.0.0' ],
45 silly audit   reusify: [ '1.0.4' ],
45 silly audit   rimraf: [ '3.0.2' ],
45 silly audit   'run-parallel': [ '1.2.0' ],
45 silly audit   'safe-array-concat': [ '1.1.2' ],
45 silly audit   'safe-buffer': [ '5.2.1' ],
45 silly audit   'safe-regex-test': [ '1.0.3' ],
45 silly audit   scheduler: [ '0.23.2' ],
45 silly audit   'set-function-length': [ '1.2.2' ],
45 silly audit   'set-function-name': [ '2.0.2' ],
45 silly audit   shadcn: [ '1.0.0' ],
45 silly audit   'shadcn-ui': [ '0.2.3' ],
45 silly audit   'tsconfig-paths': [ '4.2.0', '3.15.0' ],
45 silly audit   'shebang-command': [ '2.0.0' ],
45 silly audit   'shebang-regex': [ '3.0.0' ],
45 silly audit   'side-channel': [ '1.0.6' ],
45 silly audit   sisteransi: [ '1.0.5' ],
45 silly audit   'source-map-js': [ '1.2.1' ],
45 silly audit   'stdin-discarder': [ '0.1.0' ],
45 silly audit   'stop-iteration-iterator': [ '1.0.0' ],
45 silly audit   streamsearch: [ '1.1.0' ],
45 silly audit   string_decoder: [ '1.3.0' ],
45 silly audit   'string-width': [ '5.1.2', '4.2.3' ],
45 silly audit   'string.prototype.includes': [ '2.0.0' ],
45 silly audit   'string.prototype.matchall': [ '4.0.11' ],
45 silly audit   'string.prototype.repeat': [ '1.0.0' ],
45 silly audit   'string.prototype.trim': [ '1.2.9' ],
45 silly audit   'string.prototype.trimend': [ '1.0.8' ],
45 silly audit   'string.prototype.trimstart': [ '1.0.8' ],
45 silly audit   'strip-bom': [ '3.0.0' ],
45 silly audit   'strip-final-newline': [ '3.0.0' ],
45 silly audit   'strip-json-comments': [ '3.1.1' ],
45 silly audit   'styled-jsx': [ '5.1.1' ],
45 silly audit   sucrase: [ '3.35.0' ],
45 silly audit   'supports-preserve-symlinks-flag': [ '1.0.0' ],
45 silly audit   tailwindcss: [ '3.4.13' ],
45 silly audit   tapable: [ '2.2.1' ],
45 silly audit   'text-table': [ '0.2.0' ],
45 silly audit   thenify: [ '3.3.1' ],
45 silly audit   'thenify-all': [ '1.6.0' ],
45 silly audit   'to-regex-range': [ '5.0.1' ],
45 silly audit   'ts-api-utils': [ '1.3.0' ],
45 silly audit   'ts-interface-checker': [ '0.1.13' ],
45 silly audit   'ts-morph': [ '18.0.0' ],
45 silly audit   tslib: [ '2.7.0' ],
45 silly audit   'type-check': [ '0.4.0' ],
45 silly audit   'type-fest': [ '0.20.2' ],
45 silly audit   'typed-array-buffer': [ '1.0.2' ],
45 silly audit   'typed-array-byte-length': [ '1.0.1' ],
45 silly audit   'typed-array-byte-offset': [ '1.0.2' ],
45 silly audit   'typed-array-length': [ '1.0.6' ],
45 silly audit   typescript: [ '5.6.3' ],
45 silly audit   'unbox-primitive': [ '1.0.2' ],
45 silly audit   'undici-types': [ '6.19.8' ],
45 silly audit   universalify: [ '2.0.1' ],
45 silly audit   'uri-js': [ '4.4.1' ],
45 silly audit   'util-deprecate': [ '1.0.2' ],
45 silly audit   wcwidth: [ '1.0.1' ],
45 silly audit   'web-streams-polyfill': [ '3.3.3' ],
45 silly audit   which: [ '2.0.2' ],
45 silly audit   'which-boxed-primitive': [ '1.0.2' ],
45 silly audit   'which-builtin-type': [ '1.1.4' ],
45 silly audit   'which-collection': [ '1.0.2' ],
45 silly audit   'which-typed-array': [ '1.1.15' ],
45 silly audit   'word-wrap': [ '1.2.5' ],
45 silly audit   'wrap-ansi': [ '8.1.0', '7.0.0' ],
45 silly audit   wrappy: [ '1.0.2' ],
45 silly audit   yaml: [ '2.5.1' ],
45 silly audit   'yocto-queue': [ '0.1.0' ],
45 silly audit   zod: [ '3.23.8' ],
45 silly audit   'class-variance-authority': [ '0.7.0' ],
45 silly audit   clsx: [ '2.1.1', '2.0.0' ],
45 silly audit   'lucide-react': [ '0.452.0' ],
45 silly audit   'tailwind-merge': [ '2.5.3' ],
45 silly audit   'tailwindcss-animate': [ '1.0.7' ]
45 silly audit }
46 verbose reify failed optional dependency /home/gevalinho/gevalinho/conduit_bank/node_modules/fsevents
47 silly reify mark deleted [ '/home/gevalinho/gevalinho/conduit_bank/node_modules/fsevents' ]
48 verbose reify failed optional dependency /home/gevalinho/gevalinho/conduit_bank/node_modules/@next/swc-win32-x64-msvc
49 silly reify mark deleted [
49 silly reify   '/home/gevalinho/gevalinho/conduit_bank/node_modules/@next/swc-win32-x64-msvc'
49 silly reify ]
50 verbose reify failed optional dependency /home/gevalinho/gevalinho/conduit_bank/node_modules/@next/swc-win32-ia32-msvc
51 silly reify mark deleted [
51 silly reify   '/home/gevalinho/gevalinho/conduit_bank/node_modules/@next/swc-win32-ia32-msvc'
51 silly reify ]
52 verbose reify failed optional dependency /home/gevalinho/gevalinho/conduit_bank/node_modules/@next/swc-win32-arm64-msvc
53 silly reify mark deleted [
53 silly reify   '/home/gevalinho/gevalinho/conduit_bank/node_modules/@next/swc-win32-arm64-msvc'
53 silly reify ]
54 verbose reify failed optional dependency /home/gevalinho/gevalinho/conduit_bank/node_modules/@next/swc-linux-arm64-musl
55 silly reify mark deleted [
55 silly reify   '/home/gevalinho/gevalinho/conduit_bank/node_modules/@next/swc-linux-arm64-musl'
55 silly reify ]
56 verbose reify failed optional dependency /home/gevalinho/gevalinho/conduit_bank/node_modules/@next/swc-linux-arm64-gnu
57 silly reify mark deleted [
57 silly reify   '/home/gevalinho/gevalinho/conduit_bank/node_modules/@next/swc-linux-arm64-gnu'
57 silly reify ]
58 verbose reify failed optional dependency /home/gevalinho/gevalinho/conduit_bank/node_modules/@next/swc-darwin-x64
59 silly reify mark deleted [
59 silly reify   '/home/gevalinho/gevalinho/conduit_bank/node_modules/@next/swc-darwin-x64'
59 silly reify ]
60 verbose reify failed optional dependency /home/gevalinho/gevalinho/conduit_bank/node_modules/@next/swc-darwin-arm64
61 silly reify mark deleted [
61 silly reify   '/home/gevalinho/gevalinho/conduit_bank/node_modules/@next/swc-darwin-arm64'
61 silly reify ]
62 silly tarball no local data for tailwindcss-animate@https://registry.npmjs.org/tailwindcss-animate/-/tailwindcss-animate-1.0.7.tgz. Extracting by manifest.
63 silly tarball no local data for tailwind-merge@https://registry.npmjs.org/tailwind-merge/-/tailwind-merge-2.5.3.tgz. Extracting by manifest.
64 silly tarball no local data for lucide-react@https://registry.npmjs.org/lucide-react/-/lucide-react-0.452.0.tgz. Extracting by manifest.
65 silly tarball no local data for clsx@https://registry.npmjs.org/clsx/-/clsx-2.1.1.tgz. Extracting by manifest.
66 silly tarball no local data for class-variance-authority@https://registry.npmjs.org/class-variance-authority/-/class-variance-authority-0.7.0.tgz. Extracting by manifest.
67 silly tarball no local data for clsx@https://registry.npmjs.org/clsx/-/clsx-2.0.0.tgz. Extracting by manifest.
68 http fetch POST 200 https://registry.npmjs.org/-/npm/v1/security/advisories/bulk 435ms
69 silly audit report {}
70 http fetch GET 200 https://registry.npmjs.org/clsx/-/clsx-2.1.1.tgz 694ms (cache miss)
71 http fetch GET 200 https://registry.npmjs.org/class-variance-authority/-/class-variance-authority-0.7.0.tgz 693ms (cache miss)
72 http fetch GET 200 https://registry.npmjs.org/tailwindcss-animate/-/tailwindcss-animate-1.0.7.tgz 719ms (cache miss)
73 http fetch GET 200 https://registry.npmjs.org/clsx/-/clsx-2.0.0.tgz 750ms (cache miss)
74 http fetch GET 200 https://registry.npmjs.org/tailwind-merge/-/tailwind-merge-2.5.3.tgz 1042ms (cache miss)
75 http fetch GET 200 https://registry.npmjs.org/lucide-react/-/lucide-react-0.452.0.tgz 3355ms (cache miss)
76 silly ADD node_modules/tailwindcss-animate
77 silly ADD node_modules/tailwind-merge
78 silly ADD node_modules/lucide-react
79 silly ADD node_modules/clsx
80 silly ADD node_modules/class-variance-authority
81 silly ADD node_modules/class-variance-authority/node_modules/clsx
82 silly ADD
83 silly ADD
84 silly ADD
85 silly ADD
86 silly ADD
87 silly ADD
88 silly ADD
89 silly ADD
90 verbose cwd /home/gevalinho/gevalinho/conduit_bank
91 verbose os Linux 5.15.153.1-microsoft-standard-WSL2
92 verbose node v21.7.1
93 verbose npm  v10.9.0
94 verbose exit 0
95 info ok
